<?xml version="1.0" encoding="UTF-8" standalone="yes" ?>
<test-results name="C:\Users\Ivan\Documents\Embarcadero\Studio\Projects\NumberNest\Win32\Debug\NumberNest.Tests.exe" total="6" errors="0" failures="0" ignored="0" inconclusive="0" not-run="0" skipped="0" invalid="0" date="2025-04-17" time="0.156">
  <culture-info current-culture="en" current-uiculture="en" />
  <test-suite type="Assembly" name="NumberNest.Tests.exe" executed="true" result="Success" success="True" time="0.156" asserts="0">
    <results>
        <test-suite type="Namespace" name="Unit2" executed="true" result="Success" success="True" time="0.151" asserts="0" >
          <results>
              <test-suite type="Fixture" name="NumberNestTests" executed="True" result="Success" success="True" time="0.151" >
                <results>
                  <test-case name="MediumShellSortTest" executed="True" result="Success" success="True" time="0.000" asserts="0" />
                  <test-case name="SmallShellSortTest" executed="True" result="Success" success="True" time="0.000" asserts="0" />
                  <test-case name="BigShellSortTest" executed="True" result="Success" success="True" time="0.005" asserts="0" />
                  <test-case name="MediumHeapSortTest" executed="True" result="Success" success="True" time="0.000" asserts="0" />
                  <test-case name="SmallHeapSortTest" executed="True" result="Success" success="True" time="0.000" asserts="0" />
                  <test-case name="BigHeapSortTest" executed="True" result="Success" success="True" time="0.008" asserts="0" />
                </results>
              </test-suite>
          </results>
        </test-suite>
    </results>
  </test-suite>
</test-results>
